<html>
<head>
<title>TestNG:  Default test</title>
<link href="../testng.css" rel="stylesheet" type="text/css" />
<link href="../my-testng.css" rel="stylesheet" type="text/css" />

<style type="text/css">
.log { display: none;} 
.stack-trace { display: none;} 
</style>
<script type="text/javascript">
<!--
function flip(e) {
  current = e.style.display;
  if (current == 'block') {
    e.style.display = 'none';
    return 0;
  }
  else {
    e.style.display = 'block';
    return 1;
  }
}

function toggleBox(szDivId, elem, msg1, msg2)
{
  var res = -1;  if (document.getElementById) {
    res = flip(document.getElementById(szDivId));
  }
  else if (document.all) {
    // this is the way old msie versions work
    res = flip(document.all[szDivId]);
  }
  if(elem) {
    if(res == 0) elem.innerHTML = msg1; else elem.innerHTML = msg2;
  }

}

function toggleAllBoxes() {
  if (document.getElementsByTagName) {
    d = document.getElementsByTagName('div');
    for (i = 0; i < d.length; i++) {
      if (d[i].className == 'log') {
        flip(d[i]);
      }
    }
  }
}

// -->
</script>

</head>
<body>
<h2 align='center'>Default test</h2><table border='1' align="center">
<tr>
<td>Tests passed/Failed/Skipped:</td><td>0/2/0</td>
</tr><tr>
<td>Started on:</td><td>Wed Apr 02 23:00:59 IST 2025</td>
</tr>
<tr><td>Total time:</td><td>10 seconds (10908 ms)</td>
</tr><tr>
<td>Included groups:</td><td></td>
</tr><tr>
<td>Excluded groups:</td><td></td>
</tr>
</table><p/>
<small><i>(Hover the method name to see the test class name)</i></small><p/>
<table width='100%' border='1' class='invocation-failed'>
<tr><td colspan='4' align='center'><b>FAILED TESTS</b></td></tr>
<tr><td><b>Test method</b></td>
<td><b>Attribute(s)</b></td>
<td width="30%"><b>Exception</b></td>
<td width="10%"><b>Time (seconds)</b></td>
<td><b>Instance</b></td>
</tr>
<tr>
<td title='TestRunner.runnertest.runScenario()'><b>runScenario</b><br>Test class: TestRunner.runnertest<br>Test method: Runs Cucumber Scenarios<br>Parameters: "User logs in with valid credentials", "Login Functionality"</td>
<td><div><pre>org.openqa.selenium.ElementClickInterceptedException: element click intercepted: Element &lt;strong class=&quot;flex items-center justify-center&quot;&gt;...&lt;/strong&gt; is not clickable at point (994, 164). Other element would receive the click: &lt;div class=&quot;fixed inset-0 bg-black bg-opacity-50 z-10&quot;&gt;&lt;/div&gt;
  (Session info: chrome=134.0.6998.178)
Build info: version: &apos;4.23.0&apos;, revision: &apos;4df0a231af&apos;
System info: os.name: &apos;Windows 10&apos;, os.arch: &apos;amd64&apos;, os.version: &apos;10.0&apos;, java.version: &apos;23&apos;
Driver info: org.openqa.selenium.chrome.ChromeDriver
Command: [cb84c8364d8a422e6a18c86d70cecebe, clickElement {id=f.5E5A018DDEE441AFCA0579996CFE8736.d.E75D292C540231F634EF844F04CC2E25.e.43}]
Capabilities {acceptInsecureCerts: false, browserName: chrome, browserVersion: 134.0.6998.178, chrome: {chromedriverVersion: 134.0.6998.165 (fd886e2cb29..., userDataDir: C:\Windows\SystemTemp\scope...}, fedcm:accounts: true, goog:chromeOptions: {debuggerAddress: localhost:64204}, networkConnectionEnabled: false, pageLoadStrategy: normal, platformName: windows, proxy: Proxy(), se:cdp: ws://localhost:64204/devtoo..., se:cdpVersion: 134.0.6998.178, setWindowRect: true, strictFileInteractability: false, timeouts: {implicit: 0, pageLoad: 300000, script: 30000}, unhandledPromptBehavior: dismiss and notify, webauthn:extension:credBlob: true, webauthn:extension:largeBlob: true, webauthn:extension:minPinLength: true, webauthn:extension:prf: true, webauthn:virtualAuthenticators: true}
Element: [[ChromeDriver: chrome on windows (cb84c8364d8a422e6a18c86d70cecebe)] -&gt; css selector: [class=&quot;flex items-center justify-center&quot;]]
Session ID: cb84c8364d8a422e6a18c86d70cecebe
	at java.base/jdk.internal.reflect.DirectConstructorHandleAccessor.newInstance(DirectConstructorHandleAccessor.java:62)
	at java.base/java.lang.reflect.Constructor.newInstanceWithCaller(Constructor.java:501)
	at java.base/java.lang.reflect.Constructor.newInstance(Constructor.java:485)
	at org.openqa.selenium.remote.ErrorCodec.decode(ErrorCodec.java:167)
	at org.openqa.selenium.remote.codec.w3c.W3CHttpResponseCodec.decode(W3CHttpResponseCodec.java:138)
	at org.openqa.selenium.remote.codec.w3c.W3CHttpResponseCodec.decode(W3CHttpResponseCodec.java:50)
	at org.openqa.selenium.remote.HttpCommandExecutor.execute(HttpCommandExecutor.java:190)
	at org.openqa.selenium.remote.service.DriverCommandExecutor.invokeExecute(DriverCommandExecutor.java:216)
	at org.openqa.selenium.remote.service.DriverCommandExecutor.execute(DriverCommandExecutor.java:174)
	at org.openqa.selenium.remote.RemoteWebDriver.execute(RemoteWebDriver.java:527)
	at org.openqa.selenium.remote.RemoteWebElement.execute(RemoteWebElement.java:223)
	at org.openqa.selenium.remote.RemoteWebElement.click(RemoteWebElement.java:76)
	at Steps.loginSteps.set_the_priority(loginSteps.java:97)
	at ✽.set the priority(file:///C:/Users/PC/eclipse-workspace/DesTechnico/src/test/resources/Features/declogin.feature:13)
</pre></div><a href='#' onClick='toggleBox("stack-trace880908391", this, "Click to show all stack frames", "Click to hide stack frames")'>Click to show all stack frames</a>
<div class='stack-trace' id='stack-trace880908391'><pre>org.openqa.selenium.ElementClickInterceptedException: element click intercepted: Element &lt;strong class=&quot;flex items-center justify-center&quot;&gt;...&lt;/strong&gt; is not clickable at point (994, 164). Other element would receive the click: &lt;div class=&quot;fixed inset-0 bg-black bg-opacity-50 z-10&quot;&gt;&lt;/div&gt;
  (Session info: chrome=134.0.6998.178)
Build info: version: &apos;4.23.0&apos;, revision: &apos;4df0a231af&apos;
System info: os.name: &apos;Windows 10&apos;, os.arch: &apos;amd64&apos;, os.version: &apos;10.0&apos;, java.version: &apos;23&apos;
Driver info: org.openqa.selenium.chrome.ChromeDriver
Command: [cb84c8364d8a422e6a18c86d70cecebe, clickElement {id=f.5E5A018DDEE441AFCA0579996CFE8736.d.E75D292C540231F634EF844F04CC2E25.e.43}]
Capabilities {acceptInsecureCerts: false, browserName: chrome, browserVersion: 134.0.6998.178, chrome: {chromedriverVersion: 134.0.6998.165 (fd886e2cb29..., userDataDir: C:\Windows\SystemTemp\scope...}, fedcm:accounts: true, goog:chromeOptions: {debuggerAddress: localhost:64204}, networkConnectionEnabled: false, pageLoadStrategy: normal, platformName: windows, proxy: Proxy(), se:cdp: ws://localhost:64204/devtoo..., se:cdpVersion: 134.0.6998.178, setWindowRect: true, strictFileInteractability: false, timeouts: {implicit: 0, pageLoad: 300000, script: 30000}, unhandledPromptBehavior: dismiss and notify, webauthn:extension:credBlob: true, webauthn:extension:largeBlob: true, webauthn:extension:minPinLength: true, webauthn:extension:prf: true, webauthn:virtualAuthenticators: true}
Element: [[ChromeDriver: chrome on windows (cb84c8364d8a422e6a18c86d70cecebe)] -&gt; css selector: [class=&quot;flex items-center justify-center&quot;]]
Session ID: cb84c8364d8a422e6a18c86d70cecebe
	at java.base/jdk.internal.reflect.DirectConstructorHandleAccessor.newInstance(DirectConstructorHandleAccessor.java:62)
	at java.base/java.lang.reflect.Constructor.newInstanceWithCaller(Constructor.java:501)
	at java.base/java.lang.reflect.Constructor.newInstance(Constructor.java:485)
	at org.openqa.selenium.remote.ErrorCodec.decode(ErrorCodec.java:167)
	at org.openqa.selenium.remote.codec.w3c.W3CHttpResponseCodec.decode(W3CHttpResponseCodec.java:138)
	at org.openqa.selenium.remote.codec.w3c.W3CHttpResponseCodec.decode(W3CHttpResponseCodec.java:50)
	at org.openqa.selenium.remote.HttpCommandExecutor.execute(HttpCommandExecutor.java:190)
	at org.openqa.selenium.remote.service.DriverCommandExecutor.invokeExecute(DriverCommandExecutor.java:216)
	at org.openqa.selenium.remote.service.DriverCommandExecutor.execute(DriverCommandExecutor.java:174)
	at org.openqa.selenium.remote.RemoteWebDriver.execute(RemoteWebDriver.java:527)
	at org.openqa.selenium.remote.RemoteWebElement.execute(RemoteWebElement.java:223)
	at org.openqa.selenium.remote.RemoteWebElement.click(RemoteWebElement.java:76)
	at Steps.loginSteps.set_the_priority(loginSteps.java:97)
	at ✽.set the priority(file:///C:/Users/PC/eclipse-workspace/DesTechnico/src/test/resources/Features/declogin.feature:13)
</pre></div></td>
<td>7</td>
<td>TestRunner.runnertest@5fbe4146</td></tr>
<tr>
<td title='TestRunner.runnertest.runScenario()'><b>runScenario</b><br>Test class: TestRunner.runnertest<br>Test method: Runs Cucumber Scenarios<br>Parameters: "User registers with valid credentials", "Register Functionality"</td>
<td><div><pre>java.lang.AssertionError
	at Steps.registerSteps.user_should_be_redirected_to_loginpage(registerSteps.java:47)
	at ✽.User should be redirected to loginpage(file:///C:/Users/PC/eclipse-workspace/DesTechnico/src/test/resources/Features/register.feature:7)
</pre></div><a href='#' onClick='toggleBox("stack-trace985655365", this, "Click to show all stack frames", "Click to hide stack frames")'>Click to show all stack frames</a>
<div class='stack-trace' id='stack-trace985655365'><pre>java.lang.AssertionError
	at Steps.registerSteps.user_should_be_redirected_to_loginpage(registerSteps.java:47)
	at ✽.User should be redirected to loginpage(file:///C:/Users/PC/eclipse-workspace/DesTechnico/src/test/resources/Features/register.feature:7)
</pre></div></td>
<td>2</td>
<td>TestRunner.runnertest@5fbe4146</td></tr>
</table><p>
</body>
</html>