<?xml version="1.0" encoding="UTF-8"?>
<!-- Generated by org.testng.reporters.JUnitXMLReporter -->
<testsuite ignored="0" hostname="Personal-PC" failures="2" tests="2" name="Default test" time="10.908" errors="0" timestamp="2025-04-02T23:01:10 IST">
  <testcase classname="io.cucumber.testng.AbstractTestNGCucumberTests" name="runScenario" time="7.762">
    <failure type="org.openqa.selenium.ElementClickInterceptedException" message="element click intercepted: Element &amp;lt;strong class=&amp;quot;flex items-center justify-center&amp;quot;&amp;gt;...&amp;lt;/strong&amp;gt; is not clickable at point (994, 164). Other element would receive the click: &amp;lt;div class=&amp;quot;fixed inset-0 bg-black bg-opacity-50 z-10&amp;quot;&amp;gt;&amp;lt;/div&amp;gt;
  (Session info: chrome=134.0.6998.178)
Build info: version: &amp;apos;4.23.0&amp;apos;, revision: &amp;apos;4df0a231af&amp;apos;
System info: os.name: &amp;apos;Windows 10&amp;apos;, os.arch: &amp;apos;amd64&amp;apos;, os.version: &amp;apos;10.0&amp;apos;, java.version: &amp;apos;23&amp;apos;
Driver info: org.openqa.selenium.chrome.ChromeDriver
Command: [cb84c8364d8a422e6a18c86d70cecebe, clickElement {id=f.5E5A018DDEE441AFCA0579996CFE8736.d.E75D292C540231F634EF844F04CC2E25.e.43}]
Capabilities {acceptInsecureCerts: false, browserName: chrome, browserVersion: 134.0.6998.178, chrome: {chromedriverVersion: 134.0.6998.165 (fd886e2cb29..., userDataDir: C:\Windows\SystemTemp\scope...}, fedcm:accounts: true, goog:chromeOptions: {debuggerAddress: localhost:64204}, networkConnectionEnabled: false, pageLoadStrategy: normal, platformName: windows, proxy: Proxy(), se:cdp: ws://localhost:64204/devtoo..., se:cdpVersion: 134.0.6998.178, setWindowRect: true, strictFileInteractability: false, timeouts: {implicit: 0, pageLoad: 300000, script: 30000}, unhandledPromptBehavior: dismiss and notify, webauthn:extension:credBlob: true, webauthn:extension:largeBlob: true, webauthn:extension:minPinLength: true, webauthn:extension:prf: true, webauthn:virtualAuthenticators: true}
Element: [[ChromeDriver: chrome on windows (cb84c8364d8a422e6a18c86d70cecebe)] -&amp;gt; css selector: [class=&amp;quot;flex items-center justify-center&amp;quot;]]
Session ID: cb84c8364d8a422e6a18c86d70cecebe">
      <![CDATA[org.openqa.selenium.ElementClickInterceptedException: element click intercepted: Element <strong class="flex items-center justify-center">...</strong> is not clickable at point (994, 164). Other element would receive the click: <div class="fixed inset-0 bg-black bg-opacity-50 z-10"></div>
  (Session info: chrome=134.0.6998.178)
Build info: version: '4.23.0', revision: '4df0a231af'
System info: os.name: 'Windows 10', os.arch: 'amd64', os.version: '10.0', java.version: '23'
Driver info: org.openqa.selenium.chrome.ChromeDriver
Command: [cb84c8364d8a422e6a18c86d70cecebe, clickElement {id=f.5E5A018DDEE441AFCA0579996CFE8736.d.E75D292C540231F634EF844F04CC2E25.e.43}]
Capabilities {acceptInsecureCerts: false, browserName: chrome, browserVersion: 134.0.6998.178, chrome: {chromedriverVersion: 134.0.6998.165 (fd886e2cb29..., userDataDir: C:\Windows\SystemTemp\scope...}, fedcm:accounts: true, goog:chromeOptions: {debuggerAddress: localhost:64204}, networkConnectionEnabled: false, pageLoadStrategy: normal, platformName: windows, proxy: Proxy(), se:cdp: ws://localhost:64204/devtoo..., se:cdpVersion: 134.0.6998.178, setWindowRect: true, strictFileInteractability: false, timeouts: {implicit: 0, pageLoad: 300000, script: 30000}, unhandledPromptBehavior: dismiss and notify, webauthn:extension:credBlob: true, webauthn:extension:largeBlob: true, webauthn:extension:minPinLength: true, webauthn:extension:prf: true, webauthn:virtualAuthenticators: true}
Element: [[ChromeDriver: chrome on windows (cb84c8364d8a422e6a18c86d70cecebe)] -> css selector: [class="flex items-center justify-center"]]
Session ID: cb84c8364d8a422e6a18c86d70cecebe
at java.base/jdk.internal.reflect.DirectConstructorHandleAccessor.newInstance(DirectConstructorHandleAccessor.java:62)
at java.base/java.lang.reflect.Constructor.newInstanceWithCaller(Constructor.java:501)
at java.base/java.lang.reflect.Constructor.newInstance(Constructor.java:485)
at org.openqa.selenium.remote.ErrorCodec.decode(ErrorCodec.java:167)
at org.openqa.selenium.remote.codec.w3c.W3CHttpResponseCodec.decode(W3CHttpResponseCodec.java:138)
at org.openqa.selenium.remote.codec.w3c.W3CHttpResponseCodec.decode(W3CHttpResponseCodec.java:50)
at org.openqa.selenium.remote.HttpCommandExecutor.execute(HttpCommandExecutor.java:190)
at org.openqa.selenium.remote.service.DriverCommandExecutor.invokeExecute(DriverCommandExecutor.java:216)
at org.openqa.selenium.remote.service.DriverCommandExecutor.execute(DriverCommandExecutor.java:174)
at org.openqa.selenium.remote.RemoteWebDriver.execute(RemoteWebDriver.java:527)
at org.openqa.selenium.remote.RemoteWebElement.execute(RemoteWebElement.java:223)
at org.openqa.selenium.remote.RemoteWebElement.click(RemoteWebElement.java:76)
at Steps.loginSteps.set_the_priority(loginSteps.java:97)
at ✽.set the priority(file:///C:/Users/PC/eclipse-workspace/DesTechnico/src/test/resources/Features/declogin.feature:13)
]]>
    </failure>
  </testcase> <!-- runScenario -->
  <testcase classname="io.cucumber.testng.AbstractTestNGCucumberTests" name="runScenario" time="2.343">
    <failure type="java.lang.AssertionError">
      <![CDATA[java.lang.AssertionError
at Steps.registerSteps.user_should_be_redirected_to_loginpage(registerSteps.java:47)
at ✽.User should be redirected to loginpage(file:///C:/Users/PC/eclipse-workspace/DesTechnico/src/test/resources/Features/register.feature:7)
]]>
    </failure>
  </testcase> <!-- runScenario -->
</testsuite> <!-- Default test -->
