<?xml version="1.0" encoding="UTF-8"?>
<!-- Generated by org.testng.reporters.JUnitReportReporter -->
<testsuite hostname="Personal-PC" failures="1" tests="2" name="TestRunner.runnertest" time="10.105" errors="1" timestamp="2025-04-02T23:01:10 IST" skipped="0">
  <testcase classname="TestRunner.runnertest" name="runScenario" time="7.762">
    <error message="element click intercepted: Element &lt;strong class=&quot;flex items-center justify-center&quot;&gt;...&lt;/strong&gt; is not clickable at point (994, 164). Other element would receive the click: &lt;div class=&quot;fixed inset-0 bg-black bg-opacity-50 z-10&quot;&gt;&lt;/div&gt;
  (Session info: chrome=134.0.6998.178)
Build info: version: &#039;4.23.0&#039;, revision: &#039;4df0a231af&#039;
System info: os.name: &#039;Windows 10&#039;, os.arch: &#039;amd64&#039;, os.version: &#039;10.0&#039;, java.version: &#039;23&#039;
Driver info: org.openqa.selenium.chrome.ChromeDriver
Command: [cb84c8364d8a422e6a18c86d70cecebe, clickElement {id=f.5E5A018DDEE441AFCA0579996CFE8736.d.E75D292C540231F634EF844F04CC2E25.e.43}]
Capabilities {acceptInsecureCerts: false, browserName: chrome, browserVersion: 134.0.6998.178, chrome: {chromedriverVersion: 134.0.6998.165 (fd886e2cb29..., userDataDir: C:\Windows\SystemTemp\scope...}, fedcm:accounts: true, goog:chromeOptions: {debuggerAddress: localhost:64204}, networkConnectionEnabled: false, pageLoadStrategy: normal, platformName: windows, proxy: Proxy(), se:cdp: ws://localhost:64204/devtoo..., se:cdpVersion: 134.0.6998.178, setWindowRect: true, strictFileInteractability: false, timeouts: {implicit: 0, pageLoad: 300000, script: 30000}, unhandledPromptBehavior: dismiss and notify, webauthn:extension:credBlob: true, webauthn:extension:largeBlob: true, webauthn:extension:minPinLength: true, webauthn:extension:prf: true, webauthn:virtualAuthenticators: true}
Element: [[ChromeDriver: chrome on windows (cb84c8364d8a422e6a18c86d70cecebe)] -&gt; css selector: [class=&quot;flex items-center justify-center&quot;]]
Session ID: cb84c8364d8a422e6a18c86d70cecebe" type="org.openqa.selenium.ElementClickInterceptedException">
      <![CDATA[org.openqa.selenium.ElementClickInterceptedException: element click intercepted: Element <strong class="flex items-center justify-center">...</strong> is not clickable at point (994, 164). Other element would receive the click: <div class="fixed inset-0 bg-black bg-opacity-50 z-10"></div>
  (Session info: chrome=134.0.6998.178)
Build info: version: '4.23.0', revision: '4df0a231af'
System info: os.name: 'Windows 10', os.arch: 'amd64', os.version: '10.0', java.version: '23'
Driver info: org.openqa.selenium.chrome.ChromeDriver
Command: [cb84c8364d8a422e6a18c86d70cecebe, clickElement {id=f.5E5A018DDEE441AFCA0579996CFE8736.d.E75D292C540231F634EF844F04CC2E25.e.43}]
Capabilities {acceptInsecureCerts: false, browserName: chrome, browserVersion: 134.0.6998.178, chrome: {chromedriverVersion: 134.0.6998.165 (fd886e2cb29..., userDataDir: C:\Windows\SystemTemp\scope...}, fedcm:accounts: true, goog:chromeOptions: {debuggerAddress: localhost:64204}, networkConnectionEnabled: false, pageLoadStrategy: normal, platformName: windows, proxy: Proxy(), se:cdp: ws://localhost:64204/devtoo..., se:cdpVersion: 134.0.6998.178, setWindowRect: true, strictFileInteractability: false, timeouts: {implicit: 0, pageLoad: 300000, script: 30000}, unhandledPromptBehavior: dismiss and notify, webauthn:extension:credBlob: true, webauthn:extension:largeBlob: true, webauthn:extension:minPinLength: true, webauthn:extension:prf: true, webauthn:virtualAuthenticators: true}
Element: [[ChromeDriver: chrome on windows (cb84c8364d8a422e6a18c86d70cecebe)] -> css selector: [class="flex items-center justify-center"]]
Session ID: cb84c8364d8a422e6a18c86d70cecebe
at java.base/jdk.internal.reflect.DirectConstructorHandleAccessor.newInstance(DirectConstructorHandleAccessor.java:62)
at java.base/java.lang.reflect.Constructor.newInstanceWithCaller(Constructor.java:501)
at java.base/java.lang.reflect.Constructor.newInstance(Constructor.java:485)
at org.openqa.selenium.remote.ErrorCodec.decode(ErrorCodec.java:167)
at org.openqa.selenium.remote.codec.w3c.W3CHttpResponseCodec.decode(W3CHttpResponseCodec.java:138)
at org.openqa.selenium.remote.codec.w3c.W3CHttpResponseCodec.decode(W3CHttpResponseCodec.java:50)
at org.openqa.selenium.remote.HttpCommandExecutor.execute(HttpCommandExecutor.java:190)
at org.openqa.selenium.remote.service.DriverCommandExecutor.invokeExecute(DriverCommandExecutor.java:216)
at org.openqa.selenium.remote.service.DriverCommandExecutor.execute(DriverCommandExecutor.java:174)
at org.openqa.selenium.remote.RemoteWebDriver.execute(RemoteWebDriver.java:527)
at org.openqa.selenium.remote.RemoteWebElement.execute(RemoteWebElement.java:223)
at org.openqa.selenium.remote.RemoteWebElement.click(RemoteWebElement.java:76)
at Steps.loginSteps.set_the_priority(loginSteps.java:97)
at ✽.set the priority(file:///C:/Users/PC/eclipse-workspace/DesTechnico/src/test/resources/Features/declogin.feature:13)
]]>
    </error>
  </testcase> <!-- runScenario -->
  <testcase classname="TestRunner.runnertest" name="runScenario" time="2.343">
    <failure type="java.lang.AssertionError">
      <![CDATA[java.lang.AssertionError
at Steps.registerSteps.user_should_be_redirected_to_loginpage(registerSteps.java:47)
at ✽.User should be redirected to loginpage(file:///C:/Users/PC/eclipse-workspace/DesTechnico/src/test/resources/Features/register.feature:7)
]]>
    </failure>
  </testcase> <!-- runScenario -->
</testsuite> <!-- TestRunner.runnertest -->
